This file contains any messages produced by compilers while
running configure, to aid debugging if configure makes a mistake.

It was created by libfproj4 configure 1.0, which was
generated by GNU Autoconf 2.63.  Invocation command line was

  $ ./configure CC=gcc FC=fortran CFLAGS=-DGFORTRAN -g -O2 proj4=/save/centos/nosofs.v3.1.9.1/sorc/FVCOM.fd/FVCOM_source/libs/proj.4-master --prefix=/save/centos/nosofs.v3.1.9.1/sorc/FVCOM.fd/FVCOM_source/libs/proj4-fortran-master

## --------- ##
## Platform. ##
## --------- ##

hostname = ip-172-31-10-124.ec2.internal
uname -m = x86_64
uname -r = 3.10.0-957.1.3.el7.x86_64
uname -s = Linux
uname -v = #1 SMP Thu Nov 29 14:49:43 UTC 2018

/usr/bin/uname -p = x86_64
/bin/uname -X     = unknown

/bin/arch              = x86_64
/usr/bin/arch -k       = unknown
/usr/convex/getsysinfo = unknown
/usr/bin/hostinfo      = unknown
/bin/machine           = unknown
/usr/bin/oslevel       = unknown
/bin/universe          = unknown

PATH: /opt/intel/compilers_and_libraries_2019.5.281/linux/mpi/intel64/libfabric/bin
PATH: /opt/intel/compilers_and_libraries_2019.5.281/linux/mpi/intel64/bin
PATH: /usrx/gcc/6.5.0/bin
PATH: /usr/local/bin
PATH: /usr/bin
PATH: /usr/local/sbin
PATH: /usr/sbin
PATH: /home/centos/.local/bin
PATH: /home/centos/bin
PATH: /usrx/produtil/1.0.18/ush
PATH: /usrx/produtil/1.0.18/exec
PATH: /usrx/netcdf/4.2/bin


## ----------- ##
## Core tests. ##
## ----------- ##

configure:1844: checking for a BSD-compatible install
configure:1912: result: /usr/bin/install -c
configure:1923: checking whether build environment is sane
configure:1983: result: yes
configure:2124: checking for a thread-safe mkdir -p
configure:2163: result: /usr/bin/mkdir -p
configure:2176: checking for gawk
configure:2192: found /usr/bin/gawk
configure:2203: result: gawk
configure:2214: checking whether make sets $(MAKE)
configure:2236: result: yes
configure:2366: checking for gcc
configure:2393: result: gcc
configure:2625: checking for C compiler version
configure:2633: gcc --version >&5
gcc (GCC) 6.5.0
Copyright (C) 2017 Free Software Foundation, Inc.
This is free software; see the source for copying conditions.  There is NO
warranty; not even for MERCHANTABILITY or FITNESS FOR A PARTICULAR PURPOSE.

configure:2637: $? = 0
configure:2644: gcc -v >&5
Using built-in specs.
COLLECT_GCC=gcc
COLLECT_LTO_WRAPPER=/usrx/gcc/6.5.0/libexec/gcc/x86_64-pc-linux-gnu/6.5.0/lto-wrapper
Target: x86_64-pc-linux-gnu
Configured with: ./configure --prefix=/usrx/gcc/6.5.0 --disable-multilib
Thread model: posix
gcc version 6.5.0 (GCC) 
configure:2648: $? = 0
configure:2655: gcc -V >&5
gcc: error: unrecognized command line option '-V'
gcc: fatal error: no input files
compilation terminated.
configure:2659: $? = 1
configure:2682: checking for C compiler default output file name
configure:2704: gcc -DGFORTRAN -g -O2   conftest.c  >&5
configure:2708: $? = 0
configure:2746: result: a.out
configure:2765: checking whether the C compiler works
configure:2775: ./a.out
configure:2779: $? = 0
configure:2798: result: yes
configure:2805: checking whether we are cross compiling
configure:2807: result: no
configure:2810: checking for suffix of executables
configure:2817: gcc -o conftest -DGFORTRAN -g -O2   conftest.c  >&5
configure:2821: $? = 0
configure:2847: result: 
configure:2853: checking for suffix of object files
configure:2879: gcc -c -DGFORTRAN -g -O2  conftest.c >&5
configure:2883: $? = 0
configure:2908: result: o
configure:2912: checking whether we are using the GNU C compiler
configure:2941: gcc -c -DGFORTRAN -g -O2  conftest.c >&5
configure:2948: $? = 0
configure:2965: result: yes
configure:2974: checking whether gcc accepts -g
configure:3004: gcc -c -g  conftest.c >&5
configure:3011: $? = 0
configure:3112: result: yes
configure:3129: checking for gcc option to accept ISO C89
configure:3203: gcc  -c -DGFORTRAN -g -O2  conftest.c >&5
configure:3210: $? = 0
configure:3233: result: none needed
configure:3262: checking for style of include used by make
configure:3290: result: GNU
configure:3315: checking dependency style of gcc
configure:3425: result: gcc3
configure:3483: checking for ranlib
configure:3499: found /usr/bin/ranlib
configure:3510: result: ranlib
configure:3638: checking for Fortran compiler version
configure:3646: fortran --version >&5
./configure: line 3648: fortran: command not found
configure:3650: $? = 127
configure:3657: fortran -v >&5
./configure: line 3659: fortran: command not found
configure:3661: $? = 127
configure:3668: fortran -V >&5
./configure: line 3670: fortran: command not found
configure:3672: $? = 127
configure:3680: checking whether we are using the GNU Fortran compiler
configure:3699: fortran -c   conftest.F >&5
./configure: line 3701: fortran: command not found
configure:3706: $? = 127
configure: failed program was:
|       program main
| #ifndef __GNUC__
|        choke me
| #endif
| 
|       end
configure:3723: result: no
configure:3729: checking whether fortran accepts -g
configure:3746: fortran -c -g  conftest.f >&5
./configure: line 3748: fortran: command not found
configure:3753: $? = 127
configure: failed program was:
|       program main
| 
|       end
configure:3769: result: no
configure:3803: checking for Fortran flag to compile .f90 files
configure:3825: fortran -c   conftest.f90 >&5
./configure: line 3827: fortran: command not found
configure:3832: $? = 127
configure: failed program was:
|       program main
| 
|       end
configure:3825: fortran -c  -qsuffix=f=f90 conftest.f90 >&5
./configure: line 3827: fortran: command not found
configure:3832: $? = 127
configure: failed program was:
|       program main
| 
|       end
configure:3825: fortran -c  -Tf conftest.f90 >&5
./configure: line 3827: fortran: command not found
configure:3832: $? = 127
configure: failed program was:
|       program main
| 
|       end
configure:3851: result: unknown
configure:3854: error: Fortran could not compile .f90 files

## ---------------- ##
## Cache variables. ##
## ---------------- ##

ac_cv_c_compiler_gnu=yes
ac_cv_env_CC_set=set
ac_cv_env_CC_value=gcc
ac_cv_env_CFLAGS_set=set
ac_cv_env_CFLAGS_value='-DGFORTRAN -g -O2'
ac_cv_env_CPPFLAGS_set=
ac_cv_env_CPPFLAGS_value=
ac_cv_env_FCFLAGS_set=
ac_cv_env_FCFLAGS_value=
ac_cv_env_FC_set=set
ac_cv_env_FC_value=fortran
ac_cv_env_LDFLAGS_set=
ac_cv_env_LDFLAGS_value=
ac_cv_env_LIBS_set=
ac_cv_env_LIBS_value=
ac_cv_env_build_alias_set=
ac_cv_env_build_alias_value=
ac_cv_env_host_alias_set=
ac_cv_env_host_alias_value=
ac_cv_env_target_alias_set=
ac_cv_env_target_alias_value=
ac_cv_fc_compiler_gnu=no
ac_cv_fc_srcext_f90=unknown
ac_cv_objext=o
ac_cv_path_install='/usr/bin/install -c'
ac_cv_path_mkdir=/usr/bin/mkdir
ac_cv_prog_AWK=gawk
ac_cv_prog_ac_ct_CC=gcc
ac_cv_prog_ac_ct_RANLIB=ranlib
ac_cv_prog_cc_c89=
ac_cv_prog_cc_g=yes
ac_cv_prog_fc_g=no
ac_cv_prog_make_make_set=yes
am_cv_CC_dependencies_compiler_type=gcc3

## ----------------- ##
## Output variables. ##
## ----------------- ##

ACLOCAL='${SHELL} /save/centos/nosofs.v3.1.9.1/sorc/FVCOM.fd/FVCOM_source/libs/proj4-fortran-master/missing --run aclocal-1.11'
AMDEPBACKSLASH='\'
AMDEP_FALSE='#'
AMDEP_TRUE=''
AMTAR='${SHELL} /save/centos/nosofs.v3.1.9.1/sorc/FVCOM.fd/FVCOM_source/libs/proj4-fortran-master/missing --run tar'
AUTOCONF='${SHELL} /save/centos/nosofs.v3.1.9.1/sorc/FVCOM.fd/FVCOM_source/libs/proj4-fortran-master/missing --run autoconf'
AUTOHEADER='${SHELL} /save/centos/nosofs.v3.1.9.1/sorc/FVCOM.fd/FVCOM_source/libs/proj4-fortran-master/missing --run autoheader'
AUTOMAKE='${SHELL} /save/centos/nosofs.v3.1.9.1/sorc/FVCOM.fd/FVCOM_source/libs/proj4-fortran-master/missing --run automake-1.11'
AWK='gawk'
CC='gcc'
CCDEPMODE='depmode=gcc3'
CFLAGS='-DGFORTRAN -g -O2'
CPPFLAGS=''
CYGPATH_W='echo'
DEFS=''
DEPDIR='.deps'
ECHO_C=''
ECHO_N='-n'
ECHO_T=''
EXEEXT=''
FC='fortran'
FCFLAGS=''
FCFLAGS_f90=''
INSTALL_DATA='${INSTALL} -m 644'
INSTALL_PROGRAM='${INSTALL}'
INSTALL_SCRIPT='${INSTALL}'
INSTALL_STRIP_PROGRAM='$(install_sh) -c -s'
LDFLAGS=''
LIBOBJS=''
LIBS=''
LTLIBOBJS=''
MAKEINFO='${SHELL} /save/centos/nosofs.v3.1.9.1/sorc/FVCOM.fd/FVCOM_source/libs/proj4-fortran-master/missing --run makeinfo'
MKDIR_P='/usr/bin/mkdir -p'
OBJEXT='o'
PACKAGE='libfproj4'
PACKAGE_BUGREPORT='Magnus.Hagdorn@ed.ac.uk'
PACKAGE_NAME='libfproj4'
PACKAGE_STRING='libfproj4 1.0'
PACKAGE_TARNAME='libfproj4'
PACKAGE_VERSION='1.0'
PATH_SEPARATOR=':'
RANLIB='ranlib'
SET_MAKE=''
SHELL='/bin/sh'
STRIP=''
VERSION='1.0'
ac_ct_CC='gcc'
ac_ct_FC=''
am__EXEEXT_FALSE=''
am__EXEEXT_TRUE=''
am__fastdepCC_FALSE='#'
am__fastdepCC_TRUE=''
am__include='include'
am__isrc=''
am__leading_dot='.'
am__quote=''
am__tar='${AMTAR} chof - "$$tardir"'
am__untar='${AMTAR} xf -'
bindir='${exec_prefix}/bin'
build_alias=''
datadir='${datarootdir}'
datarootdir='${prefix}/share'
docdir='${datarootdir}/doc/${PACKAGE_TARNAME}'
dvidir='${docdir}'
exec_prefix='NONE'
host_alias=''
htmldir='${docdir}'
includedir='${prefix}/include'
infodir='${datarootdir}/info'
install_sh='${SHELL} /save/centos/nosofs.v3.1.9.1/sorc/FVCOM.fd/FVCOM_source/libs/proj4-fortran-master/install-sh'
libdir='${exec_prefix}/lib'
libexecdir='${exec_prefix}/libexec'
localedir='${datarootdir}/locale'
localstatedir='${prefix}/var'
mandir='${datarootdir}/man'
mkdir_p='/usr/bin/mkdir -p'
oldincludedir='/usr/include'
pdfdir='${docdir}'
prefix='/save/centos/nosofs.v3.1.9.1/sorc/FVCOM.fd/FVCOM_source/libs/proj4-fortran-master'
program_transform_name='s,x,x,'
psdir='${docdir}'
sbindir='${exec_prefix}/sbin'
sharedstatedir='${prefix}/com'
sysconfdir='${prefix}/etc'
target_alias=''

## ----------- ##
## confdefs.h. ##
## ----------- ##

#define PACKAGE_NAME "libfproj4"
#define PACKAGE_TARNAME "libfproj4"
#define PACKAGE_VERSION "1.0"
#define PACKAGE_STRING "libfproj4 1.0"
#define PACKAGE_BUGREPORT "Magnus.Hagdorn@ed.ac.uk"
#define PACKAGE "libfproj4"
#define VERSION "1.0"

configure: exit 1
